{1,2,5,3,4},1
{1,2,5,3,4},2
{1,2,5,3,4},3
{1,2,5,3,4},4
{1,2,5,3,4},5
{1,2,5,3,4},7
{1,2,5,3,4},8
{1,2,5,3,4},9
{1,2,5,3,4},10
{1,2,5,3,6},1
{1,2,5,3,6},2
{1,2,5,3,6},3
{1,2,5,3,6},4
{1,2,5,3,6},5
{1,2,5,3,6},7
{1,2,5,3,6},8
{1,2,5,3,6},9
{1,2,5,3,6},10
{1,2,5,3,9},1
{1,2,5,3,9},2
{1,2,5,3,9},3
{1,2,5,3,9},4
{1,2,5,3,9},5
{1,2,5,3,9},7
{1,2,5,3,9},8
{1,2,5,3,9},9
{1,2,5,3,9},10
{1,2,5,3,10},1
{1,2,5,3,10},2
{1,2,5,3,10},3
{1,2,5,3,10},4
{1,2,5,3,10},5
{1,2,5,3,10},7
{1,2,5,3,10},8
{1,2,5,3,10},9
{1,2,5,3,10},10
{1,2,5,4,6},1
{1,2,5,4,6},2
{1,2,5,4,6},3
{1,2,5,4,6},4
{1,2,5,4,6},5
{1,2,5,4,6},7
{1,2,5,4,6},8
{1,2,5,4,6},9
{1,2,5,4,6},10
{1,2,5,4,9},1
{1,2,5,4,9},2
{1,2,5,4,9},3
{1,2,5,4,9},4
{1,2,5,4,9},5
{1,2,5,4,9},7
{1,2,5,4,9},8
{1,2,5,4,9},9
{1,2,5,4,9},10
{1,2,5,4,10},1
{1,2,5,4,10},2
{1,2,5,4,10},3
{1,2,5,4,10},4
{1,2,5,4,10},5
{1,2,5,4,10},7
{1,2,5,4,10},8
{1,2,5,4,10},9
{1,2,5,4,10},10
{1,2,5,6,9},1
{1,2,5,6,9},2
{1,2,5,6,9},3
{1,2,5,6,9},4
{1,2,5,6,9},5
{1,2,5,6,9},7
{1,2,5,6,9},8
{1,2,5,6,9},9
{1,2,5,6,9},10
{1,2,5,6,10},1
{1,2,5,6,10},2
{1,2,5,6,10},3
{1,2,5,6,10},4
{1,2,5,6,10},5
{1,2,5,6,10},7
{1,2,5,6,10},8
{1,2,5,6,10},9
{1,2,5,6,10},10
{1,2,5,9,10},1
{1,2,5,9,10},2
{1,2,5,9,10},3
{1,2,5,9,10},4
{1,2,5,9,10},5
{1,2,5,9,10},7
{1,2,5,9,10},8
{1,2,5,9,10},9
{1,2,5,9,10},10
{1,2,7,3,4},1
{1,2,7,3,4},2
{1,2,7,3,4},3
{1,2,7,3,4},4
{1,2,7,3,4},5
{1,2,7,3,4},7
{1,2,7,3,4},8
{1,2,7,3,4},9
{1,2,7,3,4},10
{1,2,7,3,6},1
{1,2,7,3,6},2
{1,2,7,3,6},3
{1,2,7,3,6},4
{1,2,7,3,6},5
{1,2,7,3,6},7
{1,2,7,3,6},8
{1,2,7,3,6},9
{1,2,7,3,6},10
{1,2,7,3,9},1
{1,2,7,3,9},2
{1,2,7,3,9},3
{1,2,7,3,9},4
{1,2,7,3,9},5
{1,2,7,3,9},7
{1,2,7,3,9},8
{1,2,7,3,9},9
{1,2,7,3,9},10
{1,2,7,3,10},1
{1,2,7,3,10},2
{1,2,7,3,10},3
{1,2,7,3,10},4
{1,2,7,3,10},5
{1,2,7,3,10},7
{1,2,7,3,10},8
{1,2,7,3,10},9
{1,2,7,3,10},10
{1,2,7,4,6},1
{1,2,7,4,6},2
{1,2,7,4,6},3
{1,2,7,4,6},4
{1,2,7,4,6},5
{1,2,7,4,6},7
{1,2,7,4,6},8
{1,2,7,4,6},9
{1,2,7,4,6},10
{1,2,7,4,9},1
{1,2,7,4,9},2
{1,2,7,4,9},3
{1,2,7,4,9},4
{1,2,7,4,9},5
{1,2,7,4,9},7
{1,2,7,4,9},8
{1,2,7,4,9},9
{1,2,7,4,9},10
{1,2,7,4,10},1
{1,2,7,4,10},2
{1,2,7,4,10},3
{1,2,7,4,10},4
{1,2,7,4,10},5
{1,2,7,4,10},7
{1,2,7,4,10},8
{1,2,7,4,10},9
{1,2,7,4,10},10
{1,2,7,6,9},1
{1,2,7,6,9},2
{1,2,7,6,9},3
{1,2,7,6,9},4
{1,2,7,6,9},5
{1,2,7,6,9},7
{1,2,7,6,9},8
{1,2,7,6,9},9
{1,2,7,6,9},10
{1,2,7,6,10},1
{1,2,7,6,10},2
{1,2,7,6,10},3
{1,2,7,6,10},4
{1,2,7,6,10},5
{1,2,7,6,10},7
{1,2,7,6,10},8
{1,2,7,6,10},9
{1,2,7,6,10},10
{1,2,7,9,10},1
{1,2,7,9,10},2
{1,2,7,9,10},3
{1,2,7,9,10},4
{1,2,7,9,10},5
{1,2,7,9,10},7
{1,2,7,9,10},8
{1,2,7,9,10},9
{1,2,7,9,10},10
{1,2,8,3,4},1
{1,2,8,3,4},2
{1,2,8,3,4},3
{1,2,8,3,4},4
{1,2,8,3,4},5
{1,2,8,3,4},7
{1,2,8,3,4},8
{1,2,8,3,4},9
{1,2,8,3,4},10
{1,2,8,3,6},1
{1,2,8,3,6},2
{1,2,8,3,6},3
{1,2,8,3,6},4
{1,2,8,3,6},5
{1,2,8,3,6},7
{1,2,8,3,6},8
{1,2,8,3,6},9
{1,2,8,3,6},10
{1,2,8,3,9},1
{1,2,8,3,9},2
{1,2,8,3,9},3
{1,2,8,3,9},4
{1,2,8,3,9},5
{1,2,8,3,9},7
{1,2,8,3,9},8
{1,2,8,3,9},9
{1,2,8,3,9},10
{1,2,8,3,10},1
{1,2,8,3,10},2
{1,2,8,3,10},3
{1,2,8,3,10},4
{1,2,8,3,10},5
{1,2,8,3,10},7
{1,2,8,3,10},8
{1,2,8,3,10},9
{1,2,8,3,10},10
{1,2,8,4,6},1
{1,2,8,4,6},2
{1,2,8,4,6},3
{1,2,8,4,6},4
{1,2,8,4,6},5
{1,2,8,4,6},7
{1,2,8,4,6},8
{1,2,8,4,6},9
{1,2,8,4,6},10
{1,2,8,4,9},1
{1,2,8,4,9},2
{1,2,8,4,9},3
{1,2,8,4,9},4
{1,2,8,4,9},5
{1,2,8,4,9},7
{1,2,8,4,9},8
{1,2,8,4,9},9
{1,2,8,4,9},10
{1,2,8,4,10},1
{1,2,8,4,10},2
{1,2,8,4,10},3
{1,2,8,4,10},4
{1,2,8,4,10},5
{1,2,8,4,10},7
{1,2,8,4,10},8
{1,2,8,4,10},9
{1,2,8,4,10},10
{1,2,8,6,9},1
{1,2,8,6,9},2
{1,2,8,6,9},3
{1,2,8,6,9},4
{1,2,8,6,9},5
{1,2,8,6,9},7
{1,2,8,6,9},8
{1,2,8,6,9},9
{1,2,8,6,9},10
{1,2,8,6,10},1
{1,2,8,6,10},2
{1,2,8,6,10},3
{1,2,8,6,10},4
{1,2,8,6,10},5
{1,2,8,6,10},7
{1,2,8,6,10},8
{1,2,8,6,10},9
{1,2,8,6,10},10
{1,2,8,9,10},1
{1,2,8,9,10},2
{1,2,8,9,10},3
{1,2,8,9,10},4
{1,2,8,9,10},5
{1,2,8,9,10},7
{1,2,8,9,10},8
{1,2,8,9,10},9
{1,2,8,9,10},10
{1,5,7,3,4},1
{1,5,7,3,4},2
{1,5,7,3,4},3
{1,5,7,3,4},4
{1,5,7,3,4},5
{1,5,7,3,4},7
{1,5,7,3,4},8
{1,5,7,3,4},9
{1,5,7,3,4},10
{1,5,7,3,6},1
{1,5,7,3,6},2
{1,5,7,3,6},3
{1,5,7,3,6},4
{1,5,7,3,6},5
{1,5,7,3,6},7
{1,5,7,3,6},8
{1,5,7,3,6},9
{1,5,7,3,6},10
{1,5,7,3,9},1
{1,5,7,3,9},2
{1,5,7,3,9},3
{1,5,7,3,9},4
{1,5,7,3,9},5
{1,5,7,3,9},7
{1,5,7,3,9},8
{1,5,7,3,9},9
{1,5,7,3,9},10
{1,5,7,3,10},1
{1,5,7,3,10},2
{1,5,7,3,10},3
{1,5,7,3,10},4
{1,5,7,3,10},5
{1,5,7,3,10},7
{1,5,7,3,10},8
{1,5,7,3,10},9
{1,5,7,3,10},10
{1,5,7,4,6},1
{1,5,7,4,6},2
{1,5,7,4,6},3
{1,5,7,4,6},4
{1,5,7,4,6},5
{1,5,7,4,6},7
{1,5,7,4,6},8
{1,5,7,4,6},9
{1,5,7,4,6},10
{1,5,7,4,9},1
{1,5,7,4,9},2
{1,5,7,4,9},3
{1,5,7,4,9},4
{1,5,7,4,9},5
{1,5,7,4,9},7
{1,5,7,4,9},8
{1,5,7,4,9},9
{1,5,7,4,9},10
{1,5,7,4,10},1
{1,5,7,4,10},2
{1,5,7,4,10},3
{1,5,7,4,10},4
{1,5,7,4,10},5
{1,5,7,4,10},7
{1,5,7,4,10},8
{1,5,7,4,10},9
{1,5,7,4,10},10
{1,5,7,6,9},1
{1,5,7,6,9},2
{1,5,7,6,9},3
{1,5,7,6,9},4
{1,5,7,6,9},5
{1,5,7,6,9},7
{1,5,7,6,9},8
{1,5,7,6,9},9
{1,5,7,6,9},10
{1,5,7,6,10},1
{1,5,7,6,10},2
{1,5,7,6,10},3
{1,5,7,6,10},4
{1,5,7,6,10},5
{1,5,7,6,10},7
{1,5,7,6,10},8
{1,5,7,6,10},9
{1,5,7,6,10},10
{1,5,7,9,10},1
{1,5,7,9,10},2
{1,5,7,9,10},3
{1,5,7,9,10},4
{1,5,7,9,10},5
{1,5,7,9,10},7
{1,5,7,9,10},8
{1,5,7,9,10},9
{1,5,7,9,10},10
{1,5,8,3,4},1
{1,5,8,3,4},2
{1,5,8,3,4},3
{1,5,8,3,4},4
{1,5,8,3,4},5
{1,5,8,3,4},7
{1,5,8,3,4},8
{1,5,8,3,4},9
{1,5,8,3,4},10
{1,5,8,3,6},1
{1,5,8,3,6},2
{1,5,8,3,6},3
{1,5,8,3,6},4
{1,5,8,3,6},5
{1,5,8,3,6},7
{1,5,8,3,6},8
{1,5,8,3,6},9
{1,5,8,3,6},10
{1,5,8,3,9},1
{1,5,8,3,9},2
{1,5,8,3,9},3
{1,5,8,3,9},4
{1,5,8,3,9},5
{1,5,8,3,9},7
{1,5,8,3,9},8
{1,5,8,3,9},9
{1,5,8,3,9},10
{1,5,8,3,10},1
{1,5,8,3,10},2
{1,5,8,3,10},3
{1,5,8,3,10},4
{1,5,8,3,10},5
{1,5,8,3,10},7
{1,5,8,3,10},8
{1,5,8,3,10},9
{1,5,8,3,10},10
{1,5,8,4,6},1
{1,5,8,4,6},2
{1,5,8,4,6},3
{1,5,8,4,6},4
{1,5,8,4,6},5
{1,5,8,4,6},7
{1,5,8,4,6},8
{1,5,8,4,6},9
{1,5,8,4,6},10
{1,5,8,4,9},1
{1,5,8,4,9},2
{1,5,8,4,9},3
{1,5,8,4,9},4
{1,5,8,4,9},5
{1,5,8,4,9},7
{1,5,8,4,9},8
{1,5,8,4,9},9
{1,5,8,4,9},10
{1,5,8,4,10},1
{1,5,8,4,10},2
{1,5,8,4,10},3
{1,5,8,4,10},4
{1,5,8,4,10},5
{1,5,8,4,10},7
{1,5,8,4,10},8
{1,5,8,4,10},9
{1,5,8,4,10},10
{1,5,8,6,9},1
{1,5,8,6,9},2
{1,5,8,6,9},3
{1,5,8,6,9},4
{1,5,8,6,9},5
{1,5,8,6,9},7
{1,5,8,6,9},8
{1,5,8,6,9},9
{1,5,8,6,9},10
{1,5,8,6,10},1
{1,5,8,6,10},2
{1,5,8,6,10},3
{1,5,8,6,10},4
{1,5,8,6,10},5
{1,5,8,6,10},7
{1,5,8,6,10},8
{1,5,8,6,10},9
{1,5,8,6,10},10
{1,5,8,9,10},1
{1,5,8,9,10},2
{1,5,8,9,10},3
{1,5,8,9,10},4
{1,5,8,9,10},5
{1,5,8,9,10},7
{1,5,8,9,10},8
{1,5,8,9,10},9
{1,5,8,9,10},10
{1,7,8,3,4},1
{1,7,8,3,4},2
{1,7,8,3,4},3
{1,7,8,3,4},4
{1,7,8,3,4},5
{1,7,8,3,4},7
{1,7,8,3,4},8
{1,7,8,3,4},9
{1,7,8,3,4},10
{1,7,8,3,6},1
{1,7,8,3,6},2
{1,7,8,3,6},3
{1,7,8,3,6},4
{1,7,8,3,6},5
{1,7,8,3,6},7
{1,7,8,3,6},8
{1,7,8,3,6},9
{1,7,8,3,6},10
{1,7,8,3,9},1
{1,7,8,3,9},2
{1,7,8,3,9},3
{1,7,8,3,9},4
{1,7,8,3,9},5
{1,7,8,3,9},7
{1,7,8,3,9},8
{1,7,8,3,9},9
{1,7,8,3,9},10
{1,7,8,3,10},1
{1,7,8,3,10},2
{1,7,8,3,10},3
{1,7,8,3,10},4
{1,7,8,3,10},5
{1,7,8,3,10},7
{1,7,8,3,10},8
{1,7,8,3,10},9
{1,7,8,3,10},10
{1,7,8,4,6},1
{1,7,8,4,6},2
{1,7,8,4,6},3
{1,7,8,4,6},4
{1,7,8,4,6},5
{1,7,8,4,6},7
{1,7,8,4,6},8
{1,7,8,4,6},9
{1,7,8,4,6},10
{1,7,8,4,9},1
{1,7,8,4,9},2
{1,7,8,4,9},3
{1,7,8,4,9},4
{1,7,8,4,9},5
{1,7,8,4,9},7
{1,7,8,4,9},8
{1,7,8,4,9},9
{1,7,8,4,9},10
{1,7,8,4,10},1
{1,7,8,4,10},2
{1,7,8,4,10},3
{1,7,8,4,10},4
{1,7,8,4,10},5
{1,7,8,4,10},7
{1,7,8,4,10},8
{1,7,8,4,10},9
{1,7,8,4,10},10
{1,7,8,6,9},1
{1,7,8,6,9},2
{1,7,8,6,9},3
{1,7,8,6,9},4
{1,7,8,6,9},5
{1,7,8,6,9},7
{1,7,8,6,9},8
{1,7,8,6,9},9
{1,7,8,6,9},10
{1,7,8,6,10},1
{1,7,8,6,10},2
{1,7,8,6,10},3
{1,7,8,6,10},4
{1,7,8,6,10},5
{1,7,8,6,10},7
{1,7,8,6,10},8
{1,7,8,6,10},9
{1,7,8,6,10},10
{1,7,8,9,10},1
{1,7,8,9,10},2
{1,7,8,9,10},3
{1,7,8,9,10},4
{1,7,8,9,10},5
{1,7,8,9,10},7
{1,7,8,9,10},8
{1,7,8,9,10},9
{1,7,8,9,10},10
{2,5,7,3,4},1
{2,5,7,3,4},2
{2,5,7,3,4},3
{2,5,7,3,4},4
{2,5,7,3,4},5
{2,5,7,3,4},7
{2,5,7,3,4},8
{2,5,7,3,4},9
{2,5,7,3,4},10
{2,5,7,3,6},1
{2,5,7,3,6},2
{2,5,7,3,6},3
{2,5,7,3,6},4
{2,5,7,3,6},5
{2,5,7,3,6},7
{2,5,7,3,6},8
{2,5,7,3,6},9
{2,5,7,3,6},10
{2,5,7,3,9},1
{2,5,7,3,9},2
{2,5,7,3,9},3
{2,5,7,3,9},4
{2,5,7,3,9},5
{2,5,7,3,9},7
{2,5,7,3,9},8
{2,5,7,3,9},9
{2,5,7,3,9},10
{2,5,7,3,10},1
{2,5,7,3,10},2
{2,5,7,3,10},3
{2,5,7,3,10},4
{2,5,7,3,10},5
{2,5,7,3,10},7
{2,5,7,3,10},8
{2,5,7,3,10},9
{2,5,7,3,10},10
{2,5,7,4,6},1
{2,5,7,4,6},2
{2,5,7,4,6},3
{2,5,7,4,6},4
{2,5,7,4,6},5
{2,5,7,4,6},7
{2,5,7,4,6},8
{2,5,7,4,6},9
{2,5,7,4,6},10
{2,5,7,4,9},1
{2,5,7,4,9},2
{2,5,7,4,9},3
{2,5,7,4,9},4
{2,5,7,4,9},5
{2,5,7,4,9},7
{2,5,7,4,9},8
{2,5,7,4,9},9
{2,5,7,4,9},10
{2,5,7,4,10},1
{2,5,7,4,10},2
{2,5,7,4,10},3
{2,5,7,4,10},4
{2,5,7,4,10},5
{2,5,7,4,10},7
{2,5,7,4,10},8
{2,5,7,4,10},9
{2,5,7,4,10},10
{2,5,7,6,9},1
{2,5,7,6,9},2
{2,5,7,6,9},3
{2,5,7,6,9},4
{2,5,7,6,9},5
{2,5,7,6,9},7
{2,5,7,6,9},8
{2,5,7,6,9},9
{2,5,7,6,9},10
{2,5,7,6,10},1
{2,5,7,6,10},2
{2,5,7,6,10},3
{2,5,7,6,10},4
{2,5,7,6,10},5
{2,5,7,6,10},7
{2,5,7,6,10},8
{2,5,7,6,10},9
{2,5,7,6,10},10
{2,5,7,9,10},1
{2,5,7,9,10},2
{2,5,7,9,10},3
{2,5,7,9,10},4
{2,5,7,9,10},5
{2,5,7,9,10},7
{2,5,7,9,10},8
{2,5,7,9,10},9
{2,5,7,9,10},10
{2,5,8,3,4},1
{2,5,8,3,4},2
{2,5,8,3,4},3
{2,5,8,3,4},4
{2,5,8,3,4},5
{2,5,8,3,4},7
{2,5,8,3,4},8
{2,5,8,3,4},9
{2,5,8,3,4},10
{2,5,8,3,6},1
{2,5,8,3,6},2
{2,5,8,3,6},3
{2,5,8,3,6},4
{2,5,8,3,6},5
{2,5,8,3,6},7
{2,5,8,3,6},8
{2,5,8,3,6},9
{2,5,8,3,6},10
{2,5,8,3,9},1
{2,5,8,3,9},2
{2,5,8,3,9},3
{2,5,8,3,9},4
{2,5,8,3,9},5
{2,5,8,3,9},7
{2,5,8,3,9},8
{2,5,8,3,9},9
{2,5,8,3,9},10
{2,5,8,3,10},1
{2,5,8,3,10},2
{2,5,8,3,10},3
{2,5,8,3,10},4
{2,5,8,3,10},5
{2,5,8,3,10},7
{2,5,8,3,10},8
{2,5,8,3,10},9
{2,5,8,3,10},10
{2,5,8,4,6},1
{2,5,8,4,6},2
{2,5,8,4,6},3
{2,5,8,4,6},4
{2,5,8,4,6},5
{2,5,8,4,6},7
{2,5,8,4,6},8
{2,5,8,4,6},9
{2,5,8,4,6},10
{2,5,8,4,9},1
{2,5,8,4,9},2
{2,5,8,4,9},3
{2,5,8,4,9},4
{2,5,8,4,9},5
{2,5,8,4,9},7
{2,5,8,4,9},8
{2,5,8,4,9},9
{2,5,8,4,9},10
{2,5,8,4,10},1
{2,5,8,4,10},2
{2,5,8,4,10},3
{2,5,8,4,10},4
{2,5,8,4,10},5
{2,5,8,4,10},7
{2,5,8,4,10},8
{2,5,8,4,10},9
{2,5,8,4,10},10
{2,5,8,6,9},1
{2,5,8,6,9},2
{2,5,8,6,9},3
{2,5,8,6,9},4
{2,5,8,6,9},5
{2,5,8,6,9},7
{2,5,8,6,9},8
{2,5,8,6,9},9
{2,5,8,6,9},10
{2,5,8,6,10},1
{2,5,8,6,10},2
{2,5,8,6,10},3
{2,5,8,6,10},4
{2,5,8,6,10},5
{2,5,8,6,10},7
{2,5,8,6,10},8
{2,5,8,6,10},9
{2,5,8,6,10},10
{2,5,8,9,10},1
{2,5,8,9,10},2
{2,5,8,9,10},3
{2,5,8,9,10},4
{2,5,8,9,10},5
{2,5,8,9,10},7
{2,5,8,9,10},8
{2,5,8,9,10},9
{2,5,8,9,10},10
{2,7,8,3,4},1
{2,7,8,3,4},2
{2,7,8,3,4},3
{2,7,8,3,4},4
{2,7,8,3,4},5
{2,7,8,3,4},7
{2,7,8,3,4},8
{2,7,8,3,4},9
{2,7,8,3,4},10
{2,7,8,3,6},1
{2,7,8,3,6},2
{2,7,8,3,6},3
{2,7,8,3,6},4
{2,7,8,3,6},5
{2,7,8,3,6},7
{2,7,8,3,6},8
{2,7,8,3,6},9
{2,7,8,3,6},10
{2,7,8,3,9},1
{2,7,8,3,9},2
{2,7,8,3,9},3
{2,7,8,3,9},4
{2,7,8,3,9},5
{2,7,8,3,9},7
{2,7,8,3,9},8
{2,7,8,3,9},9
{2,7,8,3,9},10
{2,7,8,3,10},1
{2,7,8,3,10},2
{2,7,8,3,10},3
{2,7,8,3,10},4
{2,7,8,3,10},5
{2,7,8,3,10},7
{2,7,8,3,10},8
{2,7,8,3,10},9
{2,7,8,3,10},10
{2,7,8,4,6},1
{2,7,8,4,6},2
{2,7,8,4,6},3
{2,7,8,4,6},4
{2,7,8,4,6},5
{2,7,8,4,6},7
{2,7,8,4,6},8
{2,7,8,4,6},9
{2,7,8,4,6},10
{2,7,8,4,9},1
{2,7,8,4,9},2
{2,7,8,4,9},3
{2,7,8,4,9},4
{2,7,8,4,9},5
{2,7,8,4,9},7
{2,7,8,4,9},8
{2,7,8,4,9},9
{2,7,8,4,9},10
{2,7,8,4,10},1
{2,7,8,4,10},2
{2,7,8,4,10},3
{2,7,8,4,10},4
{2,7,8,4,10},5
{2,7,8,4,10},7
{2,7,8,4,10},8
{2,7,8,4,10},9
{2,7,8,4,10},10
{2,7,8,6,9},1
{2,7,8,6,9},2
{2,7,8,6,9},3
{2,7,8,6,9},4
{2,7,8,6,9},5
{2,7,8,6,9},7
{2,7,8,6,9},8
{2,7,8,6,9},9
{2,7,8,6,9},10
{2,7,8,6,10},1
{2,7,8,6,10},2
{2,7,8,6,10},3
{2,7,8,6,10},4
{2,7,8,6,10},5
{2,7,8,6,10},7
{2,7,8,6,10},8
{2,7,8,6,10},9
{2,7,8,6,10},10
{2,7,8,9,10},1
{2,7,8,9,10},2
{2,7,8,9,10},3
{2,7,8,9,10},4
{2,7,8,9,10},5
{2,7,8,9,10},7
{2,7,8,9,10},8
{2,7,8,9,10},9
{2,7,8,9,10},10
{5,7,8,3,4},1
{5,7,8,3,4},2
{5,7,8,3,4},3
{5,7,8,3,4},4
{5,7,8,3,4},5
{5,7,8,3,4},7
{5,7,8,3,4},8
{5,7,8,3,4},9
{5,7,8,3,4},10
{5,7,8,3,6},1
{5,7,8,3,6},2
{5,7,8,3,6},3
{5,7,8,3,6},4
{5,7,8,3,6},5
{5,7,8,3,6},7
{5,7,8,3,6},8
{5,7,8,3,6},9
{5,7,8,3,6},10
{5,7,8,3,9},1
{5,7,8,3,9},2
{5,7,8,3,9},3
{5,7,8,3,9},4
{5,7,8,3,9},5
{5,7,8,3,9},7
{5,7,8,3,9},8
{5,7,8,3,9},9
{5,7,8,3,9},10
{5,7,8,3,10},1
{5,7,8,3,10},2
{5,7,8,3,10},3
{5,7,8,3,10},4
{5,7,8,3,10},5
{5,7,8,3,10},7
{5,7,8,3,10},8
{5,7,8,3,10},9
{5,7,8,3,10},10
{5,7,8,4,6},1
{5,7,8,4,6},2
{5,7,8,4,6},3
{5,7,8,4,6},4
{5,7,8,4,6},5
{5,7,8,4,6},7
{5,7,8,4,6},8
{5,7,8,4,6},9
{5,7,8,4,6},10
{5,7,8,4,9},1
{5,7,8,4,9},2
{5,7,8,4,9},3
{5,7,8,4,9},4
{5,7,8,4,9},5
{5,7,8,4,9},7
{5,7,8,4,9},8
{5,7,8,4,9},9
{5,7,8,4,9},10
{5,7,8,4,10},1
{5,7,8,4,10},2
{5,7,8,4,10},3
{5,7,8,4,10},4
{5,7,8,4,10},5
{5,7,8,4,10},7
{5,7,8,4,10},8
{5,7,8,4,10},9
{5,7,8,4,10},10
{5,7,8,6,9},1
{5,7,8,6,9},2
{5,7,8,6,9},3
{5,7,8,6,9},4
{5,7,8,6,9},5
{5,7,8,6,9},7
{5,7,8,6,9},8
{5,7,8,6,9},9
{5,7,8,6,9},10
{5,7,8,6,10},1
{5,7,8,6,10},2
{5,7,8,6,10},3
{5,7,8,6,10},4
{5,7,8,6,10},5
{5,7,8,6,10},7
{5,7,8,6,10},8
{5,7,8,6,10},9
{5,7,8,6,10},10
{5,7,8,9,10},1
{5,7,8,9,10},2
{5,7,8,9,10},3
{5,7,8,9,10},4
{5,7,8,9,10},5
{5,7,8,9,10},7
{5,7,8,9,10},8
{5,7,8,9,10},9
{5,7,8,9,10},10
